# JRE version: OpenJDK Runtime Environment Corretto-16.0.2.7.1 (16.0.2+7) (build 16.0.2+7)
# Java VM: OpenJDK 64-Bit Server VM Corretto-16.0.2.7.1 (16.0.2+7, mixed mode, sharing, tiered, compressed oops, compressed class ptrs, g1 gc, windows-amd64)
GC Precious Log:
 CPUs: 8 total, 8 available
 Memory: 14284M
 Large Page Support: Disabled
 NUMA Support: Disabled
 Compressed Oops: Enabled (Zero based)
 Heap Region Size: 2M
 Heap Min Capacity: 8M
 Heap Initial Capacity: 224M
 Heap Max Capacity: 3572M
 Pre-touch: Disabled
 Parallel Workers: 8
 Concurrent Workers: 2
 Concurrent Refinement Workers: 8
 Periodic GC: Disabled
Heap:
 garbage-first heap   total 69632K, used 43613K [0x0000000720c00000, 0x0000000800000000)
  region size 2048K, 14 young (28672K), 1 survivors (2048K)
 Metaspace       used 23962K, committed 24256K, reserved 1073152K
  class space    used 3067K, committed 3200K, reserved 1048576K
GC Heap History (8 events):
Event: 0.857 GC heap before
{Heap before GC invocations=0 (full 0):
 garbage-first heap   total 229376K, used 22528K [0x0000000720c00000, 0x0000000800000000)
  region size 2048K, 11 young (22528K), 0 survivors (0K)
 Metaspace       used 4812K, committed 4992K, reserved 1056768K
  class space    used 495K, committed 576K, reserved 1048576K
}
Event: 0.860 GC heap after
{Heap after GC invocations=1 (full 0):
 garbage-first heap   total 229376K, used 2713K [0x0000000720c00000, 0x0000000800000000)
  region size 2048K, 2 young (4096K), 2 survivors (4096K)
 Metaspace       used 4812K, committed 4992K, reserved 1056768K
  class space    used 495K, committed 576K, reserved 1048576K
}
Event: 1.619 GC heap before
{Heap before GC invocations=1 (full 0):
 garbage-first heap   total 229376K, used 39577K [0x0000000720c00000, 0x0000000800000000)
  region size 2048K, 20 young (40960K), 2 survivors (4096K)
 Metaspace       used 15507K, committed 15744K, reserved 1064960K
  class space    used 1905K, committed 1984K, reserved 1048576K
}
Event: 1.625 GC heap after
{Heap after GC invocations=2 (full 0):
 garbage-first heap   total 229376K, used 9197K [0x0000000720c00000, 0x0000000800000000)
  region size 2048K, 3 young (6144K), 3 survivors (6144K)
 Metaspace       used 15507K, committed 15744K, reserved 1064960K
  class space    used 1905K, committed 1984K, reserved 1048576K
}
Event: 79.633 GC heap before
{Heap before GC invocations=2 (full 0):
 garbage-first heap   total 229376K, used 41965K [0x0000000720c00000, 0x0000000800000000)
  region size 2048K, 18 young (36864K), 3 survivors (6144K)
 Metaspace       used 20971K, committed 21248K, reserved 1073152K
  class space    used 2696K, committed 2816K, reserved 1048576K
}
Event: 79.644 GC heap after
{Heap after GC invocations=3 (full 0):
 garbage-first heap   total 229376K, used 17189K [0x0000000720c00000, 0x0000000800000000)
  region size 2048K, 6 young (12288K), 6 survivors (12288K)
 Metaspace       used 20971K, committed 21248K, reserved 1073152K
  class space    used 2696K, committed 2816K, reserved 1048576K
}
Event: 337.999 GC heap before
{Heap before GC invocations=4 (full 0):
 garbage-first heap   total 69632K, used 45861K [0x0000000720c00000, 0x0000000800000000)
  region size 2048K, 20 young (40960K), 6 survivors (12288K)
 Metaspace       used 23094K, committed 23424K, reserved 1073152K
  class space    used 3050K, committed 3200K, reserved 1048576K
}
Event: 338.007 GC heap after
{Heap after GC invocations=5 (full 0):
 garbage-first heap   total 69632K, used 19037K [0x0000000720c00000, 0x0000000800000000)
  region size 2048K, 1 young (2048K), 1 survivors (2048K)
 Metaspace       used 23094K, committed 23424K, reserved 1073152K
  class space    used 3050K, committed 3200K, reserved 1048576K
}

